[2023-07-11 14:54:59] local.ERROR: SQLSTATE[HY000] [2002] Connection refused (SQL: select * from information_schema.tables where table_schema = laravel and table_name = migrations and table_type = 'BASE TABLE') {"exception":"[object] (Illuminate\\Database\\QueryException(code: 2002): SQLSTATE[HY000] [2002] Connection refused (SQL: select * from information_schema.tables where table_schema = laravel and table_name = migrations and table_type = 'BASE TABLE') at /var/www/crud/Backend/crud-app-back/vendor/laravel/framework/src/Illuminate/Database/Connection.php:712)
[stacktrace]
#0 /var/www/crud/Backend/crud-app-back/vendor/laravel/framework/src/Illuminate/Database/Connection.php(784): Illuminate\\Database\\Connection->runQueryCallback()
#1 /var/www/crud/Backend/crud-app-back/vendor/laravel/framework/src/Illuminate/Database/Connection.php(764): Illuminate\\Database\\Connection->tryAgainIfCausedByLostConnection()
#2 /var/www/crud/Backend/crud-app-back/vendor/laravel/framework/src/Illuminate/Database/Connection.php(675): Illuminate\\Database\\Connection->handleQueryException()
#3 /var/www/crud/Backend/crud-app-back/vendor/laravel/framework/src/Illuminate/Database/Connection.php(376): Illuminate\\Database\\Connection->run()
#4 /var/www/crud/Backend/crud-app-back/vendor/laravel/framework/src/Illuminate/Database/Schema/MySqlBuilder.php(44): Illuminate\\Database\\Connection->select()
#5 /var/www/crud/Backend/crud-app-back/vendor/laravel/framework/src/Illuminate/Database/Migrations/DatabaseMigrationRepository.php(169): Illuminate\\Database\\Schema\\MySqlBuilder->hasTable()
#6 /var/www/crud/Backend/crud-app-back/vendor/laravel/framework/src/Illuminate/Database/Migrations/Migrator.php(673): Illuminate\\Database\\Migrations\\DatabaseMigrationRepository->repositoryExists()
#7 /var/www/crud/Backend/crud-app-back/vendor/laravel/framework/src/Illuminate/Database/Console/Migrations/MigrateCommand.php(110): Illuminate\\Database\\Migrations\\Migrator->repositoryExists()
#8 /var/www/crud/Backend/crud-app-back/vendor/laravel/framework/src/Illuminate/Database/Console/Migrations/MigrateCommand.php(78): Illuminate\\Database\\Console\\Migrations\\MigrateCommand->prepareDatabase()
#9 /var/www/crud/Backend/crud-app-back/vendor/laravel/framework/src/Illuminate/Database/Migrations/Migrator.php(606): Illuminate\\Database\\Console\\Migrations\\MigrateCommand->Illuminate\\Database\\Console\\Migrations\\{closure}()
#10 /var/www/crud/Backend/crud-app-back/vendor/laravel/framework/src/Illuminate/Database/Console/Migrations/MigrateCommand.php(98): Illuminate\\Database\\Migrations\\Migrator->usingConnection()
#11 /var/www/crud/Backend/crud-app-back/vendor/laravel/framework/src/Illuminate/Container/BoundMethod.php(36): Illuminate\\Database\\Console\\Migrations\\MigrateCommand->handle()
#12 /var/www/crud/Backend/crud-app-back/vendor/laravel/framework/src/Illuminate/Container/Util.php(40): Illuminate\\Container\\BoundMethod::Illuminate\\Container\\{closure}()
#13 /var/www/crud/Backend/crud-app-back/vendor/laravel/framework/src/Illuminate/Container/BoundMethod.php(93): Illuminate\\Container\\Util::unwrapIfClosure()
#14 /var/www/crud/Backend/crud-app-back/vendor/laravel/framework/src/Illuminate/Container/BoundMethod.php(37): Illuminate\\Container\\BoundMethod::callBoundMethod()
#15 /var/www/crud/Backend/crud-app-back/vendor/laravel/framework/src/Illuminate/Container/Container.php(653): Illuminate\\Container\\BoundMethod::call()
#16 /var/www/crud/Backend/crud-app-back/vendor/laravel/framework/src/Illuminate/Console/Command.php(136): Illuminate\\Container\\Container->call()
#17 /var/www/crud/Backend/crud-app-back/vendor/symfony/console/Command/Command.php(298): Illuminate\\Console\\Command->execute()
#18 /var/www/crud/Backend/crud-app-back/vendor/laravel/framework/src/Illuminate/Console/Command.php(121): Symfony\\Component\\Console\\Command\\Command->run()
#19 /var/www/crud/Backend/crud-app-back/vendor/symfony/console/Application.php(1040): Illuminate\\Console\\Command->run()
#20 /var/www/crud/Backend/crud-app-back/vendor/symfony/console/Application.php(301): Symfony\\Component\\Console\\Application->doRunCommand()
#21 /var/www/crud/Backend/crud-app-back/vendor/symfony/console/Application.php(171): Symfony\\Component\\Console\\Application->doRun()
#22 /var/www/crud/Backend/crud-app-back/vendor/laravel/framework/src/Illuminate/Console/Application.php(94): Symfony\\Component\\Console\\Application->run()
#23 /var/www/crud/Backend/crud-app-back/vendor/laravel/framework/src/Illuminate/Foundation/Console/Kernel.php(129): Illuminate\\Console\\Application->run()
#24 /var/www/crud/Backend/crud-app-back/artisan(37): Illuminate\\Foundation\\Console\\Kernel->handle()
#25 {main}

[previous exception] [object] (PDOException(code: 2002): SQLSTATE[HY000] [2002] Connection refused at /var/www/crud/Backend/crud-app-back/vendor/laravel/framework/src/Illuminate/Database/Connectors/Connector.php:70)
[stacktrace]
#0 /var/www/crud/Backend/crud-app-back/vendor/laravel/framework/src/Illuminate/Database/Connectors/Connector.php(70): PDO->__construct()
#1 /var/www/crud/Backend/crud-app-back/vendor/laravel/framework/src/Illuminate/Database/Connectors/Connector.php(100): Illuminate\\Database\\Connectors\\Connector->createPdoConnection()
#2 /var/www/crud/Backend/crud-app-back/vendor/laravel/framework/src/Illuminate/Database/Connectors/Connector.php(50): Illuminate\\Database\\Connectors\\Connector->tryAgainIfCausedByLostConnection()
#3 /var/www/crud/Backend/crud-app-back/vendor/laravel/framework/src/Illuminate/Database/Connectors/MySqlConnector.php(24): Illuminate\\Database\\Connectors\\Connector->createConnection()
#4 /var/www/crud/Backend/crud-app-back/vendor/laravel/framework/src/Illuminate/Database/Connectors/ConnectionFactory.php(184): Illuminate\\Database\\Connectors\\MySqlConnector->connect()
#5 [internal function]: Illuminate\\Database\\Connectors\\ConnectionFactory->Illuminate\\Database\\Connectors\\{closure}()
#6 /var/www/crud/Backend/crud-app-back/vendor/laravel/framework/src/Illuminate/Database/Connection.php(1064): call_user_func()
#7 /var/www/crud/Backend/crud-app-back/vendor/laravel/framework/src/Illuminate/Database/Connection.php(1100): Illuminate\\Database\\Connection->getPdo()
#8 /var/www/crud/Backend/crud-app-back/vendor/laravel/framework/src/Illuminate/Database/Connection.php(442): Illuminate\\Database\\Connection->getReadPdo()
#9 /var/www/crud/Backend/crud-app-back/vendor/laravel/framework/src/Illuminate/Database/Connection.php(368): Illuminate\\Database\\Connection->getPdoForSelect()
#10 /var/www/crud/Backend/crud-app-back/vendor/laravel/framework/src/Illuminate/Database/Connection.php(705): Illuminate\\Database\\Connection->Illuminate\\Database\\{closure}()
#11 /var/www/crud/Backend/crud-app-back/vendor/laravel/framework/src/Illuminate/Database/Connection.php(784): Illuminate\\Database\\Connection->runQueryCallback()
#12 /var/www/crud/Backend/crud-app-back/vendor/laravel/framework/src/Illuminate/Database/Connection.php(764): Illuminate\\Database\\Connection->tryAgainIfCausedByLostConnection()
#13 /var/www/crud/Backend/crud-app-back/vendor/laravel/framework/src/Illuminate/Database/Connection.php(675): Illuminate\\Database\\Connection->handleQueryException()
#14 /var/www/crud/Backend/crud-app-back/vendor/laravel/framework/src/Illuminate/Database/Connection.php(376): Illuminate\\Database\\Connection->run()
#15 /var/www/crud/Backend/crud-app-back/vendor/laravel/framework/src/Illuminate/Database/Schema/MySqlBuilder.php(44): Illuminate\\Database\\Connection->select()
#16 /var/www/crud/Backend/crud-app-back/vendor/laravel/framework/src/Illuminate/Database/Migrations/DatabaseMigrationRepository.php(169): Illuminate\\Database\\Schema\\MySqlBuilder->hasTable()
#17 /var/www/crud/Backend/crud-app-back/vendor/laravel/framework/src/Illuminate/Database/Migrations/Migrator.php(673): Illuminate\\Database\\Migrations\\DatabaseMigrationRepository->repositoryExists()
#18 /var/www/crud/Backend/crud-app-back/vendor/laravel/framework/src/Illuminate/Database/Console/Migrations/MigrateCommand.php(110): Illuminate\\Database\\Migrations\\Migrator->repositoryExists()
#19 /var/www/crud/Backend/crud-app-back/vendor/laravel/framework/src/Illuminate/Database/Console/Migrations/MigrateCommand.php(78): Illuminate\\Database\\Console\\Migrations\\MigrateCommand->prepareDatabase()
#20 /var/www/crud/Backend/crud-app-back/vendor/laravel/framework/src/Illuminate/Database/Migrations/Migrator.php(606): Illuminate\\Database\\Console\\Migrations\\MigrateCommand->Illuminate\\Database\\Console\\Migrations\\{closure}()
#21 /var/www/crud/Backend/crud-app-back/vendor/laravel/framework/src/Illuminate/Database/Console/Migrations/MigrateCommand.php(98): Illuminate\\Database\\Migrations\\Migrator->usingConnection()
#22 /var/www/crud/Backend/crud-app-back/vendor/laravel/framework/src/Illuminate/Container/BoundMethod.php(36): Illuminate\\Database\\Console\\Migrations\\MigrateCommand->handle()
#23 /var/www/crud/Backend/crud-app-back/vendor/laravel/framework/src/Illuminate/Container/Util.php(40): Illuminate\\Container\\BoundMethod::Illuminate\\Container\\{closure}()
#24 /var/www/crud/Backend/crud-app-back/vendor/laravel/framework/src/Illuminate/Container/BoundMethod.php(93): Illuminate\\Container\\Util::unwrapIfClosure()
#25 /var/www/crud/Backend/crud-app-back/vendor/laravel/framework/src/Illuminate/Container/BoundMethod.php(37): Illuminate\\Container\\BoundMethod::callBoundMethod()
#26 /var/www/crud/Backend/crud-app-back/vendor/laravel/framework/src/Illuminate/Container/Container.php(653): Illuminate\\Container\\BoundMethod::call()
#27 /var/www/crud/Backend/crud-app-back/vendor/laravel/framework/src/Illuminate/Console/Command.php(136): Illuminate\\Container\\Container->call()
#28 /var/www/crud/Backend/crud-app-back/vendor/symfony/console/Command/Command.php(298): Illuminate\\Console\\Command->execute()
#29 /var/www/crud/Backend/crud-app-back/vendor/laravel/framework/src/Illuminate/Console/Command.php(121): Symfony\\Component\\Console\\Command\\Command->run()
#30 /var/www/crud/Backend/crud-app-back/vendor/symfony/console/Application.php(1040): Illuminate\\Console\\Command->run()
#31 /var/www/crud/Backend/crud-app-back/vendor/symfony/console/Application.php(301): Symfony\\Component\\Console\\Application->doRunCommand()
#32 /var/www/crud/Backend/crud-app-back/vendor/symfony/console/Application.php(171): Symfony\\Component\\Console\\Application->doRun()
#33 /var/www/crud/Backend/crud-app-back/vendor/laravel/framework/src/Illuminate/Console/Application.php(94): Symfony\\Component\\Console\\Application->run()
#34 /var/www/crud/Backend/crud-app-back/vendor/laravel/framework/src/Illuminate/Foundation/Console/Kernel.php(129): Illuminate\\Console\\Application->run()
#35 /var/www/crud/Backend/crud-app-back/artisan(37): Illuminate\\Foundation\\Console\\Kernel->handle()
#36 {main}
"} 
[2023-07-11 17:12:21] local.ERROR: Command "make" is not defined.

Did you mean one of these?
    make:cast
    make:channel
    make:command
    make:component
    make:controller
    make:event
    make:exception
    make:factory
    make:job
    make:listener
    make:mail
    make:middleware
    make:migration
    make:model
    make:notification
    make:observer
    make:policy
    make:provider
    make:request
    make:resource
    make:rule
    make:seeder
    make:test {"exception":"[object] (Symfony\\Component\\Console\\Exception\\CommandNotFoundException(code: 0): Command \"make\" is not defined.

Did you mean one of these?
    make:cast
    make:channel
    make:command
    make:component
    make:controller
    make:event
    make:exception
    make:factory
    make:job
    make:listener
    make:mail
    make:middleware
    make:migration
    make:model
    make:notification
    make:observer
    make:policy
    make:provider
    make:request
    make:resource
    make:rule
    make:seeder
    make:test at /var/www/crud/Backend/crud-app-back/vendor/symfony/console/Application.php:720)
[stacktrace]
#0 /var/www/crud/Backend/crud-app-back/vendor/symfony/console/Application.php(259): Symfony\\Component\\Console\\Application->find()
#1 /var/www/crud/Backend/crud-app-back/vendor/symfony/console/Application.php(171): Symfony\\Component\\Console\\Application->doRun()
#2 /var/www/crud/Backend/crud-app-back/vendor/laravel/framework/src/Illuminate/Console/Application.php(94): Symfony\\Component\\Console\\Application->run()
#3 /var/www/crud/Backend/crud-app-back/vendor/laravel/framework/src/Illuminate/Foundation/Console/Kernel.php(129): Illuminate\\Console\\Application->run()
#4 /var/www/crud/Backend/crud-app-back/artisan(37): Illuminate\\Foundation\\Console\\Kernel->handle()
#5 {main}
"} 
[2023-07-13 16:51:21] local.ERROR: Database connection [postgres] not configured. {"exception":"[object] (InvalidArgumentException(code: 0): Database connection [postgres] not configured. at /var/www/crud/Backend/crud-app-back/vendor/laravel/framework/src/Illuminate/Database/DatabaseManager.php:161)
[stacktrace]
#0 /var/www/crud/Backend/crud-app-back/vendor/laravel/framework/src/Illuminate/Database/DatabaseManager.php(124): Illuminate\\Database\\DatabaseManager->configuration()
#1 /var/www/crud/Backend/crud-app-back/vendor/laravel/framework/src/Illuminate/Database/DatabaseManager.php(95): Illuminate\\Database\\DatabaseManager->makeConnection()
#2 /var/www/crud/Backend/crud-app-back/vendor/laravel/framework/src/Illuminate/Database/Migrations/DatabaseMigrationRepository.php(211): Illuminate\\Database\\DatabaseManager->connection()
#3 /var/www/crud/Backend/crud-app-back/vendor/laravel/framework/src/Illuminate/Database/Migrations/DatabaseMigrationRepository.php(167): Illuminate\\Database\\Migrations\\DatabaseMigrationRepository->getConnection()
#4 /var/www/crud/Backend/crud-app-back/vendor/laravel/framework/src/Illuminate/Database/Migrations/Migrator.php(673): Illuminate\\Database\\Migrations\\DatabaseMigrationRepository->repositoryExists()
#5 /var/www/crud/Backend/crud-app-back/vendor/laravel/framework/src/Illuminate/Database/Console/Migrations/MigrateCommand.php(110): Illuminate\\Database\\Migrations\\Migrator->repositoryExists()
#6 /var/www/crud/Backend/crud-app-back/vendor/laravel/framework/src/Illuminate/Database/Console/Migrations/MigrateCommand.php(78): Illuminate\\Database\\Console\\Migrations\\MigrateCommand->prepareDatabase()
#7 /var/www/crud/Backend/crud-app-back/vendor/laravel/framework/src/Illuminate/Database/Migrations/Migrator.php(606): Illuminate\\Database\\Console\\Migrations\\MigrateCommand->Illuminate\\Database\\Console\\Migrations\\{closure}()
#8 /var/www/crud/Backend/crud-app-back/vendor/laravel/framework/src/Illuminate/Database/Console/Migrations/MigrateCommand.php(98): Illuminate\\Database\\Migrations\\Migrator->usingConnection()
#9 /var/www/crud/Backend/crud-app-back/vendor/laravel/framework/src/Illuminate/Container/BoundMethod.php(36): Illuminate\\Database\\Console\\Migrations\\MigrateCommand->handle()
#10 /var/www/crud/Backend/crud-app-back/vendor/laravel/framework/src/Illuminate/Container/Util.php(40): Illuminate\\Container\\BoundMethod::Illuminate\\Container\\{closure}()
#11 /var/www/crud/Backend/crud-app-back/vendor/laravel/framework/src/Illuminate/Container/BoundMethod.php(93): Illuminate\\Container\\Util::unwrapIfClosure()
#12 /var/www/crud/Backend/crud-app-back/vendor/laravel/framework/src/Illuminate/Container/BoundMethod.php(37): Illuminate\\Container\\BoundMethod::callBoundMethod()
#13 /var/www/crud/Backend/crud-app-back/vendor/laravel/framework/src/Illuminate/Container/Container.php(653): Illuminate\\Container\\BoundMethod::call()
#14 /var/www/crud/Backend/crud-app-back/vendor/laravel/framework/src/Illuminate/Console/Command.php(136): Illuminate\\Container\\Container->call()
#15 /var/www/crud/Backend/crud-app-back/vendor/symfony/console/Command/Command.php(298): Illuminate\\Console\\Command->execute()
#16 /var/www/crud/Backend/crud-app-back/vendor/laravel/framework/src/Illuminate/Console/Command.php(121): Symfony\\Component\\Console\\Command\\Command->run()
#17 /var/www/crud/Backend/crud-app-back/vendor/symfony/console/Application.php(1040): Illuminate\\Console\\Command->run()
#18 /var/www/crud/Backend/crud-app-back/vendor/symfony/console/Application.php(301): Symfony\\Component\\Console\\Application->doRunCommand()
#19 /var/www/crud/Backend/crud-app-back/vendor/symfony/console/Application.php(171): Symfony\\Component\\Console\\Application->doRun()
#20 /var/www/crud/Backend/crud-app-back/vendor/laravel/framework/src/Illuminate/Console/Application.php(94): Symfony\\Component\\Console\\Application->run()
#21 /var/www/crud/Backend/crud-app-back/vendor/laravel/framework/src/Illuminate/Foundation/Console/Kernel.php(129): Illuminate\\Console\\Application->run()
#22 /var/www/crud/Backend/crud-app-back/artisan(37): Illuminate\\Foundation\\Console\\Kernel->handle()
#23 {main}
"} 
[2023-07-13 16:55:01] local.ERROR: SQLSTATE[08006] [7] server closed the connection unexpectedly
	This probably means the server terminated abnormally
	before or while processing the request. (SQL: select * from information_schema.tables where table_schema = public and table_name = migrations and table_type = 'BASE TABLE') {"exception":"[object] (Illuminate\\Database\\QueryException(code: 7): SQLSTATE[08006] [7] server closed the connection unexpectedly
\tThis probably means the server terminated abnormally
\tbefore or while processing the request. (SQL: select * from information_schema.tables where table_schema = public and table_name = migrations and table_type = 'BASE TABLE') at /var/www/crud/Backend/crud-app-back/vendor/laravel/framework/src/Illuminate/Database/Connection.php:712)
[stacktrace]
#0 /var/www/crud/Backend/crud-app-back/vendor/laravel/framework/src/Illuminate/Database/Connection.php(784): Illuminate\\Database\\Connection->runQueryCallback()
#1 /var/www/crud/Backend/crud-app-back/vendor/laravel/framework/src/Illuminate/Database/Connection.php(764): Illuminate\\Database\\Connection->tryAgainIfCausedByLostConnection()
#2 /var/www/crud/Backend/crud-app-back/vendor/laravel/framework/src/Illuminate/Database/Connection.php(675): Illuminate\\Database\\Connection->handleQueryException()
#3 /var/www/crud/Backend/crud-app-back/vendor/laravel/framework/src/Illuminate/Database/Connection.php(376): Illuminate\\Database\\Connection->run()
#4 /var/www/crud/Backend/crud-app-back/vendor/laravel/framework/src/Illuminate/Database/Schema/PostgresBuilder.php(46): Illuminate\\Database\\Connection->select()
#5 /var/www/crud/Backend/crud-app-back/vendor/laravel/framework/src/Illuminate/Database/Migrations/DatabaseMigrationRepository.php(169): Illuminate\\Database\\Schema\\PostgresBuilder->hasTable()
#6 /var/www/crud/Backend/crud-app-back/vendor/laravel/framework/src/Illuminate/Database/Migrations/Migrator.php(673): Illuminate\\Database\\Migrations\\DatabaseMigrationRepository->repositoryExists()
#7 /var/www/crud/Backend/crud-app-back/vendor/laravel/framework/src/Illuminate/Database/Console/Migrations/MigrateCommand.php(110): Illuminate\\Database\\Migrations\\Migrator->repositoryExists()
#8 /var/www/crud/Backend/crud-app-back/vendor/laravel/framework/src/Illuminate/Database/Console/Migrations/MigrateCommand.php(78): Illuminate\\Database\\Console\\Migrations\\MigrateCommand->prepareDatabase()
#9 /var/www/crud/Backend/crud-app-back/vendor/laravel/framework/src/Illuminate/Database/Migrations/Migrator.php(606): Illuminate\\Database\\Console\\Migrations\\MigrateCommand->Illuminate\\Database\\Console\\Migrations\\{closure}()
#10 /var/www/crud/Backend/crud-app-back/vendor/laravel/framework/src/Illuminate/Database/Console/Migrations/MigrateCommand.php(98): Illuminate\\Database\\Migrations\\Migrator->usingConnection()
#11 /var/www/crud/Backend/crud-app-back/vendor/laravel/framework/src/Illuminate/Container/BoundMethod.php(36): Illuminate\\Database\\Console\\Migrations\\MigrateCommand->handle()
#12 /var/www/crud/Backend/crud-app-back/vendor/laravel/framework/src/Illuminate/Container/Util.php(40): Illuminate\\Container\\BoundMethod::Illuminate\\Container\\{closure}()
#13 /var/www/crud/Backend/crud-app-back/vendor/laravel/framework/src/Illuminate/Container/BoundMethod.php(93): Illuminate\\Container\\Util::unwrapIfClosure()
#14 /var/www/crud/Backend/crud-app-back/vendor/laravel/framework/src/Illuminate/Container/BoundMethod.php(37): Illuminate\\Container\\BoundMethod::callBoundMethod()
#15 /var/www/crud/Backend/crud-app-back/vendor/laravel/framework/src/Illuminate/Container/Container.php(653): Illuminate\\Container\\BoundMethod::call()
#16 /var/www/crud/Backend/crud-app-back/vendor/laravel/framework/src/Illuminate/Console/Command.php(136): Illuminate\\Container\\Container->call()
#17 /var/www/crud/Backend/crud-app-back/vendor/symfony/console/Command/Command.php(298): Illuminate\\Console\\Command->execute()
#18 /var/www/crud/Backend/crud-app-back/vendor/laravel/framework/src/Illuminate/Console/Command.php(121): Symfony\\Component\\Console\\Command\\Command->run()
#19 /var/www/crud/Backend/crud-app-back/vendor/symfony/console/Application.php(1040): Illuminate\\Console\\Command->run()
#20 /var/www/crud/Backend/crud-app-back/vendor/symfony/console/Application.php(301): Symfony\\Component\\Console\\Application->doRunCommand()
#21 /var/www/crud/Backend/crud-app-back/vendor/symfony/console/Application.php(171): Symfony\\Component\\Console\\Application->doRun()
#22 /var/www/crud/Backend/crud-app-back/vendor/laravel/framework/src/Illuminate/Console/Application.php(94): Symfony\\Component\\Console\\Application->run()
#23 /var/www/crud/Backend/crud-app-back/vendor/laravel/framework/src/Illuminate/Foundation/Console/Kernel.php(129): Illuminate\\Console\\Application->run()
#24 /var/www/crud/Backend/crud-app-back/artisan(37): Illuminate\\Foundation\\Console\\Kernel->handle()
#25 {main}

[previous exception] [object] (PDOException(code: 7): SQLSTATE[08006] [7] server closed the connection unexpectedly
\tThis probably means the server terminated abnormally
\tbefore or while processing the request. at /var/www/crud/Backend/crud-app-back/vendor/laravel/framework/src/Illuminate/Database/Connectors/Connector.php:70)
[stacktrace]
#0 /var/www/crud/Backend/crud-app-back/vendor/laravel/framework/src/Illuminate/Database/Connectors/Connector.php(70): PDO->__construct()
#1 /var/www/crud/Backend/crud-app-back/vendor/laravel/framework/src/Illuminate/Database/Connectors/Connector.php(100): Illuminate\\Database\\Connectors\\Connector->createPdoConnection()
#2 /var/www/crud/Backend/crud-app-back/vendor/laravel/framework/src/Illuminate/Database/Connectors/Connector.php(50): Illuminate\\Database\\Connectors\\Connector->tryAgainIfCausedByLostConnection()
#3 /var/www/crud/Backend/crud-app-back/vendor/laravel/framework/src/Illuminate/Database/Connectors/PostgresConnector.php(33): Illuminate\\Database\\Connectors\\Connector->createConnection()
#4 /var/www/crud/Backend/crud-app-back/vendor/laravel/framework/src/Illuminate/Database/Connectors/ConnectionFactory.php(184): Illuminate\\Database\\Connectors\\PostgresConnector->connect()
#5 [internal function]: Illuminate\\Database\\Connectors\\ConnectionFactory->Illuminate\\Database\\Connectors\\{closure}()
#6 /var/www/crud/Backend/crud-app-back/vendor/laravel/framework/src/Illuminate/Database/Connection.php(1064): call_user_func()
#7 /var/www/crud/Backend/crud-app-back/vendor/laravel/framework/src/Illuminate/Database/Connection.php(1100): Illuminate\\Database\\Connection->getPdo()
#8 /var/www/crud/Backend/crud-app-back/vendor/laravel/framework/src/Illuminate/Database/Connection.php(442): Illuminate\\Database\\Connection->getReadPdo()
#9 /var/www/crud/Backend/crud-app-back/vendor/laravel/framework/src/Illuminate/Database/Connection.php(368): Illuminate\\Database\\Connection->getPdoForSelect()
#10 /var/www/crud/Backend/crud-app-back/vendor/laravel/framework/src/Illuminate/Database/Connection.php(705): Illuminate\\Database\\Connection->Illuminate\\Database\\{closure}()
#11 /var/www/crud/Backend/crud-app-back/vendor/laravel/framework/src/Illuminate/Database/Connection.php(784): Illuminate\\Database\\Connection->runQueryCallback()
#12 /var/www/crud/Backend/crud-app-back/vendor/laravel/framework/src/Illuminate/Database/Connection.php(764): Illuminate\\Database\\Connection->tryAgainIfCausedByLostConnection()
#13 /var/www/crud/Backend/crud-app-back/vendor/laravel/framework/src/Illuminate/Database/Connection.php(675): Illuminate\\Database\\Connection->handleQueryException()
#14 /var/www/crud/Backend/crud-app-back/vendor/laravel/framework/src/Illuminate/Database/Connection.php(376): Illuminate\\Database\\Connection->run()
#15 /var/www/crud/Backend/crud-app-back/vendor/laravel/framework/src/Illuminate/Database/Schema/PostgresBuilder.php(46): Illuminate\\Database\\Connection->select()
#16 /var/www/crud/Backend/crud-app-back/vendor/laravel/framework/src/Illuminate/Database/Migrations/DatabaseMigrationRepository.php(169): Illuminate\\Database\\Schema\\PostgresBuilder->hasTable()
#17 /var/www/crud/Backend/crud-app-back/vendor/laravel/framework/src/Illuminate/Database/Migrations/Migrator.php(673): Illuminate\\Database\\Migrations\\DatabaseMigrationRepository->repositoryExists()
#18 /var/www/crud/Backend/crud-app-back/vendor/laravel/framework/src/Illuminate/Database/Console/Migrations/MigrateCommand.php(110): Illuminate\\Database\\Migrations\\Migrator->repositoryExists()
#19 /var/www/crud/Backend/crud-app-back/vendor/laravel/framework/src/Illuminate/Database/Console/Migrations/MigrateCommand.php(78): Illuminate\\Database\\Console\\Migrations\\MigrateCommand->prepareDatabase()
#20 /var/www/crud/Backend/crud-app-back/vendor/laravel/framework/src/Illuminate/Database/Migrations/Migrator.php(606): Illuminate\\Database\\Console\\Migrations\\MigrateCommand->Illuminate\\Database\\Console\\Migrations\\{closure}()
#21 /var/www/crud/Backend/crud-app-back/vendor/laravel/framework/src/Illuminate/Database/Console/Migrations/MigrateCommand.php(98): Illuminate\\Database\\Migrations\\Migrator->usingConnection()
#22 /var/www/crud/Backend/crud-app-back/vendor/laravel/framework/src/Illuminate/Container/BoundMethod.php(36): Illuminate\\Database\\Console\\Migrations\\MigrateCommand->handle()
#23 /var/www/crud/Backend/crud-app-back/vendor/laravel/framework/src/Illuminate/Container/Util.php(40): Illuminate\\Container\\BoundMethod::Illuminate\\Container\\{closure}()
#24 /var/www/crud/Backend/crud-app-back/vendor/laravel/framework/src/Illuminate/Container/BoundMethod.php(93): Illuminate\\Container\\Util::unwrapIfClosure()
#25 /var/www/crud/Backend/crud-app-back/vendor/laravel/framework/src/Illuminate/Container/BoundMethod.php(37): Illuminate\\Container\\BoundMethod::callBoundMethod()
#26 /var/www/crud/Backend/crud-app-back/vendor/laravel/framework/src/Illuminate/Container/Container.php(653): Illuminate\\Container\\BoundMethod::call()
#27 /var/www/crud/Backend/crud-app-back/vendor/laravel/framework/src/Illuminate/Console/Command.php(136): Illuminate\\Container\\Container->call()
#28 /var/www/crud/Backend/crud-app-back/vendor/symfony/console/Command/Command.php(298): Illuminate\\Console\\Command->execute()
#29 /var/www/crud/Backend/crud-app-back/vendor/laravel/framework/src/Illuminate/Console/Command.php(121): Symfony\\Component\\Console\\Command\\Command->run()
#30 /var/www/crud/Backend/crud-app-back/vendor/symfony/console/Application.php(1040): Illuminate\\Console\\Command->run()
#31 /var/www/crud/Backend/crud-app-back/vendor/symfony/console/Application.php(301): Symfony\\Component\\Console\\Application->doRunCommand()
#32 /var/www/crud/Backend/crud-app-back/vendor/symfony/console/Application.php(171): Symfony\\Component\\Console\\Application->doRun()
#33 /var/www/crud/Backend/crud-app-back/vendor/laravel/framework/src/Illuminate/Console/Application.php(94): Symfony\\Component\\Console\\Application->run()
#34 /var/www/crud/Backend/crud-app-back/vendor/laravel/framework/src/Illuminate/Foundation/Console/Kernel.php(129): Illuminate\\Console\\Application->run()
#35 /var/www/crud/Backend/crud-app-back/artisan(37): Illuminate\\Foundation\\Console\\Kernel->handle()
#36 {main}
"} 
[2023-07-13 17:02:21] local.ERROR: SQLSTATE[08006] [7] server closed the connection unexpectedly
	This probably means the server terminated abnormally
	before or while processing the request. (SQL: select * from information_schema.tables where table_schema = public and table_name = migrations and table_type = 'BASE TABLE') {"exception":"[object] (Illuminate\\Database\\QueryException(code: 7): SQLSTATE[08006] [7] server closed the connection unexpectedly
\tThis probably means the server terminated abnormally
\tbefore or while processing the request. (SQL: select * from information_schema.tables where table_schema = public and table_name = migrations and table_type = 'BASE TABLE') at /var/www/crud/Backend/crud-app-back/vendor/laravel/framework/src/Illuminate/Database/Connection.php:712)
[stacktrace]
#0 /var/www/crud/Backend/crud-app-back/vendor/laravel/framework/src/Illuminate/Database/Connection.php(784): Illuminate\\Database\\Connection->runQueryCallback()
#1 /var/www/crud/Backend/crud-app-back/vendor/laravel/framework/src/Illuminate/Database/Connection.php(764): Illuminate\\Database\\Connection->tryAgainIfCausedByLostConnection()
#2 /var/www/crud/Backend/crud-app-back/vendor/laravel/framework/src/Illuminate/Database/Connection.php(675): Illuminate\\Database\\Connection->handleQueryException()
#3 /var/www/crud/Backend/crud-app-back/vendor/laravel/framework/src/Illuminate/Database/Connection.php(376): Illuminate\\Database\\Connection->run()
#4 /var/www/crud/Backend/crud-app-back/vendor/laravel/framework/src/Illuminate/Database/Schema/PostgresBuilder.php(46): Illuminate\\Database\\Connection->select()
#5 /var/www/crud/Backend/crud-app-back/vendor/laravel/framework/src/Illuminate/Database/Migrations/DatabaseMigrationRepository.php(169): Illuminate\\Database\\Schema\\PostgresBuilder->hasTable()
#6 /var/www/crud/Backend/crud-app-back/vendor/laravel/framework/src/Illuminate/Database/Migrations/Migrator.php(673): Illuminate\\Database\\Migrations\\DatabaseMigrationRepository->repositoryExists()
#7 /var/www/crud/Backend/crud-app-back/vendor/laravel/framework/src/Illuminate/Database/Console/Migrations/MigrateCommand.php(110): Illuminate\\Database\\Migrations\\Migrator->repositoryExists()
#8 /var/www/crud/Backend/crud-app-back/vendor/laravel/framework/src/Illuminate/Database/Console/Migrations/MigrateCommand.php(78): Illuminate\\Database\\Console\\Migrations\\MigrateCommand->prepareDatabase()
#9 /var/www/crud/Backend/crud-app-back/vendor/laravel/framework/src/Illuminate/Database/Migrations/Migrator.php(606): Illuminate\\Database\\Console\\Migrations\\MigrateCommand->Illuminate\\Database\\Console\\Migrations\\{closure}()
#10 /var/www/crud/Backend/crud-app-back/vendor/laravel/framework/src/Illuminate/Database/Console/Migrations/MigrateCommand.php(98): Illuminate\\Database\\Migrations\\Migrator->usingConnection()
#11 /var/www/crud/Backend/crud-app-back/vendor/laravel/framework/src/Illuminate/Container/BoundMethod.php(36): Illuminate\\Database\\Console\\Migrations\\MigrateCommand->handle()
#12 /var/www/crud/Backend/crud-app-back/vendor/laravel/framework/src/Illuminate/Container/Util.php(40): Illuminate\\Container\\BoundMethod::Illuminate\\Container\\{closure}()
#13 /var/www/crud/Backend/crud-app-back/vendor/laravel/framework/src/Illuminate/Container/BoundMethod.php(93): Illuminate\\Container\\Util::unwrapIfClosure()
#14 /var/www/crud/Backend/crud-app-back/vendor/laravel/framework/src/Illuminate/Container/BoundMethod.php(37): Illuminate\\Container\\BoundMethod::callBoundMethod()
#15 /var/www/crud/Backend/crud-app-back/vendor/laravel/framework/src/Illuminate/Container/Container.php(653): Illuminate\\Container\\BoundMethod::call()
#16 /var/www/crud/Backend/crud-app-back/vendor/laravel/framework/src/Illuminate/Console/Command.php(136): Illuminate\\Container\\Container->call()
#17 /var/www/crud/Backend/crud-app-back/vendor/symfony/console/Command/Command.php(298): Illuminate\\Console\\Command->execute()
#18 /var/www/crud/Backend/crud-app-back/vendor/laravel/framework/src/Illuminate/Console/Command.php(121): Symfony\\Component\\Console\\Command\\Command->run()
#19 /var/www/crud/Backend/crud-app-back/vendor/symfony/console/Application.php(1040): Illuminate\\Console\\Command->run()
#20 /var/www/crud/Backend/crud-app-back/vendor/symfony/console/Application.php(301): Symfony\\Component\\Console\\Application->doRunCommand()
#21 /var/www/crud/Backend/crud-app-back/vendor/symfony/console/Application.php(171): Symfony\\Component\\Console\\Application->doRun()
#22 /var/www/crud/Backend/crud-app-back/vendor/laravel/framework/src/Illuminate/Console/Application.php(94): Symfony\\Component\\Console\\Application->run()
#23 /var/www/crud/Backend/crud-app-back/vendor/laravel/framework/src/Illuminate/Foundation/Console/Kernel.php(129): Illuminate\\Console\\Application->run()
#24 /var/www/crud/Backend/crud-app-back/artisan(37): Illuminate\\Foundation\\Console\\Kernel->handle()
#25 {main}

[previous exception] [object] (PDOException(code: 7): SQLSTATE[08006] [7] server closed the connection unexpectedly
\tThis probably means the server terminated abnormally
\tbefore or while processing the request. at /var/www/crud/Backend/crud-app-back/vendor/laravel/framework/src/Illuminate/Database/Connectors/Connector.php:70)
[stacktrace]
#0 /var/www/crud/Backend/crud-app-back/vendor/laravel/framework/src/Illuminate/Database/Connectors/Connector.php(70): PDO->__construct()
#1 /var/www/crud/Backend/crud-app-back/vendor/laravel/framework/src/Illuminate/Database/Connectors/Connector.php(100): Illuminate\\Database\\Connectors\\Connector->createPdoConnection()
#2 /var/www/crud/Backend/crud-app-back/vendor/laravel/framework/src/Illuminate/Database/Connectors/Connector.php(50): Illuminate\\Database\\Connectors\\Connector->tryAgainIfCausedByLostConnection()
#3 /var/www/crud/Backend/crud-app-back/vendor/laravel/framework/src/Illuminate/Database/Connectors/PostgresConnector.php(33): Illuminate\\Database\\Connectors\\Connector->createConnection()
#4 /var/www/crud/Backend/crud-app-back/vendor/laravel/framework/src/Illuminate/Database/Connectors/ConnectionFactory.php(184): Illuminate\\Database\\Connectors\\PostgresConnector->connect()
#5 [internal function]: Illuminate\\Database\\Connectors\\ConnectionFactory->Illuminate\\Database\\Connectors\\{closure}()
#6 /var/www/crud/Backend/crud-app-back/vendor/laravel/framework/src/Illuminate/Database/Connection.php(1064): call_user_func()
#7 /var/www/crud/Backend/crud-app-back/vendor/laravel/framework/src/Illuminate/Database/Connection.php(1100): Illuminate\\Database\\Connection->getPdo()
#8 /var/www/crud/Backend/crud-app-back/vendor/laravel/framework/src/Illuminate/Database/Connection.php(442): Illuminate\\Database\\Connection->getReadPdo()
#9 /var/www/crud/Backend/crud-app-back/vendor/laravel/framework/src/Illuminate/Database/Connection.php(368): Illuminate\\Database\\Connection->getPdoForSelect()
#10 /var/www/crud/Backend/crud-app-back/vendor/laravel/framework/src/Illuminate/Database/Connection.php(705): Illuminate\\Database\\Connection->Illuminate\\Database\\{closure}()
#11 /var/www/crud/Backend/crud-app-back/vendor/laravel/framework/src/Illuminate/Database/Connection.php(784): Illuminate\\Database\\Connection->runQueryCallback()
#12 /var/www/crud/Backend/crud-app-back/vendor/laravel/framework/src/Illuminate/Database/Connection.php(764): Illuminate\\Database\\Connection->tryAgainIfCausedByLostConnection()
#13 /var/www/crud/Backend/crud-app-back/vendor/laravel/framework/src/Illuminate/Database/Connection.php(675): Illuminate\\Database\\Connection->handleQueryException()
#14 /var/www/crud/Backend/crud-app-back/vendor/laravel/framework/src/Illuminate/Database/Connection.php(376): Illuminate\\Database\\Connection->run()
#15 /var/www/crud/Backend/crud-app-back/vendor/laravel/framework/src/Illuminate/Database/Schema/PostgresBuilder.php(46): Illuminate\\Database\\Connection->select()
#16 /var/www/crud/Backend/crud-app-back/vendor/laravel/framework/src/Illuminate/Database/Migrations/DatabaseMigrationRepository.php(169): Illuminate\\Database\\Schema\\PostgresBuilder->hasTable()
#17 /var/www/crud/Backend/crud-app-back/vendor/laravel/framework/src/Illuminate/Database/Migrations/Migrator.php(673): Illuminate\\Database\\Migrations\\DatabaseMigrationRepository->repositoryExists()
#18 /var/www/crud/Backend/crud-app-back/vendor/laravel/framework/src/Illuminate/Database/Console/Migrations/MigrateCommand.php(110): Illuminate\\Database\\Migrations\\Migrator->repositoryExists()
#19 /var/www/crud/Backend/crud-app-back/vendor/laravel/framework/src/Illuminate/Database/Console/Migrations/MigrateCommand.php(78): Illuminate\\Database\\Console\\Migrations\\MigrateCommand->prepareDatabase()
#20 /var/www/crud/Backend/crud-app-back/vendor/laravel/framework/src/Illuminate/Database/Migrations/Migrator.php(606): Illuminate\\Database\\Console\\Migrations\\MigrateCommand->Illuminate\\Database\\Console\\Migrations\\{closure}()
#21 /var/www/crud/Backend/crud-app-back/vendor/laravel/framework/src/Illuminate/Database/Console/Migrations/MigrateCommand.php(98): Illuminate\\Database\\Migrations\\Migrator->usingConnection()
#22 /var/www/crud/Backend/crud-app-back/vendor/laravel/framework/src/Illuminate/Container/BoundMethod.php(36): Illuminate\\Database\\Console\\Migrations\\MigrateCommand->handle()
#23 /var/www/crud/Backend/crud-app-back/vendor/laravel/framework/src/Illuminate/Container/Util.php(40): Illuminate\\Container\\BoundMethod::Illuminate\\Container\\{closure}()
#24 /var/www/crud/Backend/crud-app-back/vendor/laravel/framework/src/Illuminate/Container/BoundMethod.php(93): Illuminate\\Container\\Util::unwrapIfClosure()
#25 /var/www/crud/Backend/crud-app-back/vendor/laravel/framework/src/Illuminate/Container/BoundMethod.php(37): Illuminate\\Container\\BoundMethod::callBoundMethod()
#26 /var/www/crud/Backend/crud-app-back/vendor/laravel/framework/src/Illuminate/Container/Container.php(653): Illuminate\\Container\\BoundMethod::call()
#27 /var/www/crud/Backend/crud-app-back/vendor/laravel/framework/src/Illuminate/Console/Command.php(136): Illuminate\\Container\\Container->call()
#28 /var/www/crud/Backend/crud-app-back/vendor/symfony/console/Command/Command.php(298): Illuminate\\Console\\Command->execute()
#29 /var/www/crud/Backend/crud-app-back/vendor/laravel/framework/src/Illuminate/Console/Command.php(121): Symfony\\Component\\Console\\Command\\Command->run()
#30 /var/www/crud/Backend/crud-app-back/vendor/symfony/console/Application.php(1040): Illuminate\\Console\\Command->run()
#31 /var/www/crud/Backend/crud-app-back/vendor/symfony/console/Application.php(301): Symfony\\Component\\Console\\Application->doRunCommand()
#32 /var/www/crud/Backend/crud-app-back/vendor/symfony/console/Application.php(171): Symfony\\Component\\Console\\Application->doRun()
#33 /var/www/crud/Backend/crud-app-back/vendor/laravel/framework/src/Illuminate/Console/Application.php(94): Symfony\\Component\\Console\\Application->run()
#34 /var/www/crud/Backend/crud-app-back/vendor/laravel/framework/src/Illuminate/Foundation/Console/Kernel.php(129): Illuminate\\Console\\Application->run()
#35 /var/www/crud/Backend/crud-app-back/artisan(37): Illuminate\\Foundation\\Console\\Kernel->handle()
#36 {main}
"} 
[2023-07-13 17:04:14] local.ERROR: SQLSTATE[08006] [7] server closed the connection unexpectedly
	This probably means the server terminated abnormally
	before or while processing the request. (SQL: select * from information_schema.tables where table_schema = public and table_name = migrations and table_type = 'BASE TABLE') {"exception":"[object] (Illuminate\\Database\\QueryException(code: 7): SQLSTATE[08006] [7] server closed the connection unexpectedly
\tThis probably means the server terminated abnormally
\tbefore or while processing the request. (SQL: select * from information_schema.tables where table_schema = public and table_name = migrations and table_type = 'BASE TABLE') at /var/www/crud/Backend/crud-app-back/vendor/laravel/framework/src/Illuminate/Database/Connection.php:712)
[stacktrace]
#0 /var/www/crud/Backend/crud-app-back/vendor/laravel/framework/src/Illuminate/Database/Connection.php(784): Illuminate\\Database\\Connection->runQueryCallback()
#1 /var/www/crud/Backend/crud-app-back/vendor/laravel/framework/src/Illuminate/Database/Connection.php(764): Illuminate\\Database\\Connection->tryAgainIfCausedByLostConnection()
#2 /var/www/crud/Backend/crud-app-back/vendor/laravel/framework/src/Illuminate/Database/Connection.php(675): Illuminate\\Database\\Connection->handleQueryException()
#3 /var/www/crud/Backend/crud-app-back/vendor/laravel/framework/src/Illuminate/Database/Connection.php(376): Illuminate\\Database\\Connection->run()
#4 /var/www/crud/Backend/crud-app-back/vendor/laravel/framework/src/Illuminate/Database/Schema/PostgresBuilder.php(46): Illuminate\\Database\\Connection->select()
#5 /var/www/crud/Backend/crud-app-back/vendor/laravel/framework/src/Illuminate/Database/Migrations/DatabaseMigrationRepository.php(169): Illuminate\\Database\\Schema\\PostgresBuilder->hasTable()
#6 /var/www/crud/Backend/crud-app-back/vendor/laravel/framework/src/Illuminate/Database/Migrations/Migrator.php(673): Illuminate\\Database\\Migrations\\DatabaseMigrationRepository->repositoryExists()
#7 /var/www/crud/Backend/crud-app-back/vendor/laravel/framework/src/Illuminate/Database/Console/Migrations/MigrateCommand.php(110): Illuminate\\Database\\Migrations\\Migrator->repositoryExists()
#8 /var/www/crud/Backend/crud-app-back/vendor/laravel/framework/src/Illuminate/Database/Console/Migrations/MigrateCommand.php(78): Illuminate\\Database\\Console\\Migrations\\MigrateCommand->prepareDatabase()
#9 /var/www/crud/Backend/crud-app-back/vendor/laravel/framework/src/Illuminate/Database/Migrations/Migrator.php(606): Illuminate\\Database\\Console\\Migrations\\MigrateCommand->Illuminate\\Database\\Console\\Migrations\\{closure}()
#10 /var/www/crud/Backend/crud-app-back/vendor/laravel/framework/src/Illuminate/Database/Console/Migrations/MigrateCommand.php(98): Illuminate\\Database\\Migrations\\Migrator->usingConnection()
#11 /var/www/crud/Backend/crud-app-back/vendor/laravel/framework/src/Illuminate/Container/BoundMethod.php(36): Illuminate\\Database\\Console\\Migrations\\MigrateCommand->handle()
#12 /var/www/crud/Backend/crud-app-back/vendor/laravel/framework/src/Illuminate/Container/Util.php(40): Illuminate\\Container\\BoundMethod::Illuminate\\Container\\{closure}()
#13 /var/www/crud/Backend/crud-app-back/vendor/laravel/framework/src/Illuminate/Container/BoundMethod.php(93): Illuminate\\Container\\Util::unwrapIfClosure()
#14 /var/www/crud/Backend/crud-app-back/vendor/laravel/framework/src/Illuminate/Container/BoundMethod.php(37): Illuminate\\Container\\BoundMethod::callBoundMethod()
#15 /var/www/crud/Backend/crud-app-back/vendor/laravel/framework/src/Illuminate/Container/Container.php(653): Illuminate\\Container\\BoundMethod::call()
#16 /var/www/crud/Backend/crud-app-back/vendor/laravel/framework/src/Illuminate/Console/Command.php(136): Illuminate\\Container\\Container->call()
#17 /var/www/crud/Backend/crud-app-back/vendor/symfony/console/Command/Command.php(298): Illuminate\\Console\\Command->execute()
#18 /var/www/crud/Backend/crud-app-back/vendor/laravel/framework/src/Illuminate/Console/Command.php(121): Symfony\\Component\\Console\\Command\\Command->run()
#19 /var/www/crud/Backend/crud-app-back/vendor/symfony/console/Application.php(1040): Illuminate\\Console\\Command->run()
#20 /var/www/crud/Backend/crud-app-back/vendor/symfony/console/Application.php(301): Symfony\\Component\\Console\\Application->doRunCommand()
#21 /var/www/crud/Backend/crud-app-back/vendor/symfony/console/Application.php(171): Symfony\\Component\\Console\\Application->doRun()
#22 /var/www/crud/Backend/crud-app-back/vendor/laravel/framework/src/Illuminate/Console/Application.php(94): Symfony\\Component\\Console\\Application->run()
#23 /var/www/crud/Backend/crud-app-back/vendor/laravel/framework/src/Illuminate/Foundation/Console/Kernel.php(129): Illuminate\\Console\\Application->run()
#24 /var/www/crud/Backend/crud-app-back/artisan(37): Illuminate\\Foundation\\Console\\Kernel->handle()
#25 {main}

[previous exception] [object] (PDOException(code: 7): SQLSTATE[08006] [7] server closed the connection unexpectedly
\tThis probably means the server terminated abnormally
\tbefore or while processing the request. at /var/www/crud/Backend/crud-app-back/vendor/laravel/framework/src/Illuminate/Database/Connectors/Connector.php:70)
[stacktrace]
#0 /var/www/crud/Backend/crud-app-back/vendor/laravel/framework/src/Illuminate/Database/Connectors/Connector.php(70): PDO->__construct()
#1 /var/www/crud/Backend/crud-app-back/vendor/laravel/framework/src/Illuminate/Database/Connectors/Connector.php(100): Illuminate\\Database\\Connectors\\Connector->createPdoConnection()
#2 /var/www/crud/Backend/crud-app-back/vendor/laravel/framework/src/Illuminate/Database/Connectors/Connector.php(50): Illuminate\\Database\\Connectors\\Connector->tryAgainIfCausedByLostConnection()
#3 /var/www/crud/Backend/crud-app-back/vendor/laravel/framework/src/Illuminate/Database/Connectors/PostgresConnector.php(33): Illuminate\\Database\\Connectors\\Connector->createConnection()
#4 /var/www/crud/Backend/crud-app-back/vendor/laravel/framework/src/Illuminate/Database/Connectors/ConnectionFactory.php(184): Illuminate\\Database\\Connectors\\PostgresConnector->connect()
#5 [internal function]: Illuminate\\Database\\Connectors\\ConnectionFactory->Illuminate\\Database\\Connectors\\{closure}()
#6 /var/www/crud/Backend/crud-app-back/vendor/laravel/framework/src/Illuminate/Database/Connection.php(1064): call_user_func()
#7 /var/www/crud/Backend/crud-app-back/vendor/laravel/framework/src/Illuminate/Database/Connection.php(1100): Illuminate\\Database\\Connection->getPdo()
#8 /var/www/crud/Backend/crud-app-back/vendor/laravel/framework/src/Illuminate/Database/Connection.php(442): Illuminate\\Database\\Connection->getReadPdo()
#9 /var/www/crud/Backend/crud-app-back/vendor/laravel/framework/src/Illuminate/Database/Connection.php(368): Illuminate\\Database\\Connection->getPdoForSelect()
#10 /var/www/crud/Backend/crud-app-back/vendor/laravel/framework/src/Illuminate/Database/Connection.php(705): Illuminate\\Database\\Connection->Illuminate\\Database\\{closure}()
#11 /var/www/crud/Backend/crud-app-back/vendor/laravel/framework/src/Illuminate/Database/Connection.php(784): Illuminate\\Database\\Connection->runQueryCallback()
#12 /var/www/crud/Backend/crud-app-back/vendor/laravel/framework/src/Illuminate/Database/Connection.php(764): Illuminate\\Database\\Connection->tryAgainIfCausedByLostConnection()
#13 /var/www/crud/Backend/crud-app-back/vendor/laravel/framework/src/Illuminate/Database/Connection.php(675): Illuminate\\Database\\Connection->handleQueryException()
#14 /var/www/crud/Backend/crud-app-back/vendor/laravel/framework/src/Illuminate/Database/Connection.php(376): Illuminate\\Database\\Connection->run()
#15 /var/www/crud/Backend/crud-app-back/vendor/laravel/framework/src/Illuminate/Database/Schema/PostgresBuilder.php(46): Illuminate\\Database\\Connection->select()
#16 /var/www/crud/Backend/crud-app-back/vendor/laravel/framework/src/Illuminate/Database/Migrations/DatabaseMigrationRepository.php(169): Illuminate\\Database\\Schema\\PostgresBuilder->hasTable()
#17 /var/www/crud/Backend/crud-app-back/vendor/laravel/framework/src/Illuminate/Database/Migrations/Migrator.php(673): Illuminate\\Database\\Migrations\\DatabaseMigrationRepository->repositoryExists()
#18 /var/www/crud/Backend/crud-app-back/vendor/laravel/framework/src/Illuminate/Database/Console/Migrations/MigrateCommand.php(110): Illuminate\\Database\\Migrations\\Migrator->repositoryExists()
#19 /var/www/crud/Backend/crud-app-back/vendor/laravel/framework/src/Illuminate/Database/Console/Migrations/MigrateCommand.php(78): Illuminate\\Database\\Console\\Migrations\\MigrateCommand->prepareDatabase()
#20 /var/www/crud/Backend/crud-app-back/vendor/laravel/framework/src/Illuminate/Database/Migrations/Migrator.php(606): Illuminate\\Database\\Console\\Migrations\\MigrateCommand->Illuminate\\Database\\Console\\Migrations\\{closure}()
#21 /var/www/crud/Backend/crud-app-back/vendor/laravel/framework/src/Illuminate/Database/Console/Migrations/MigrateCommand.php(98): Illuminate\\Database\\Migrations\\Migrator->usingConnection()
#22 /var/www/crud/Backend/crud-app-back/vendor/laravel/framework/src/Illuminate/Container/BoundMethod.php(36): Illuminate\\Database\\Console\\Migrations\\MigrateCommand->handle()
#23 /var/www/crud/Backend/crud-app-back/vendor/laravel/framework/src/Illuminate/Container/Util.php(40): Illuminate\\Container\\BoundMethod::Illuminate\\Container\\{closure}()
#24 /var/www/crud/Backend/crud-app-back/vendor/laravel/framework/src/Illuminate/Container/BoundMethod.php(93): Illuminate\\Container\\Util::unwrapIfClosure()
#25 /var/www/crud/Backend/crud-app-back/vendor/laravel/framework/src/Illuminate/Container/BoundMethod.php(37): Illuminate\\Container\\BoundMethod::callBoundMethod()
#26 /var/www/crud/Backend/crud-app-back/vendor/laravel/framework/src/Illuminate/Container/Container.php(653): Illuminate\\Container\\BoundMethod::call()
#27 /var/www/crud/Backend/crud-app-back/vendor/laravel/framework/src/Illuminate/Console/Command.php(136): Illuminate\\Container\\Container->call()
#28 /var/www/crud/Backend/crud-app-back/vendor/symfony/console/Command/Command.php(298): Illuminate\\Console\\Command->execute()
#29 /var/www/crud/Backend/crud-app-back/vendor/laravel/framework/src/Illuminate/Console/Command.php(121): Symfony\\Component\\Console\\Command\\Command->run()
#30 /var/www/crud/Backend/crud-app-back/vendor/symfony/console/Application.php(1040): Illuminate\\Console\\Command->run()
#31 /var/www/crud/Backend/crud-app-back/vendor/symfony/console/Application.php(301): Symfony\\Component\\Console\\Application->doRunCommand()
#32 /var/www/crud/Backend/crud-app-back/vendor/symfony/console/Application.php(171): Symfony\\Component\\Console\\Application->doRun()
#33 /var/www/crud/Backend/crud-app-back/vendor/laravel/framework/src/Illuminate/Console/Application.php(94): Symfony\\Component\\Console\\Application->run()
#34 /var/www/crud/Backend/crud-app-back/vendor/laravel/framework/src/Illuminate/Foundation/Console/Kernel.php(129): Illuminate\\Console\\Application->run()
#35 /var/www/crud/Backend/crud-app-back/artisan(37): Illuminate\\Foundation\\Console\\Kernel->handle()
#36 {main}
"} 
[2023-07-13 17:08:47] local.ERROR: SQLSTATE[08006] [7] server closed the connection unexpectedly
	This probably means the server terminated abnormally
	before or while processing the request. (SQL: select * from information_schema.tables where table_schema = public and table_name = migrations and table_type = 'BASE TABLE') {"exception":"[object] (Illuminate\\Database\\QueryException(code: 7): SQLSTATE[08006] [7] server closed the connection unexpectedly
\tThis probably means the server terminated abnormally
\tbefore or while processing the request. (SQL: select * from information_schema.tables where table_schema = public and table_name = migrations and table_type = 'BASE TABLE') at /var/www/crud/Backend/crud-app-back/vendor/laravel/framework/src/Illuminate/Database/Connection.php:712)
[stacktrace]
#0 /var/www/crud/Backend/crud-app-back/vendor/laravel/framework/src/Illuminate/Database/Connection.php(784): Illuminate\\Database\\Connection->runQueryCallback()
#1 /var/www/crud/Backend/crud-app-back/vendor/laravel/framework/src/Illuminate/Database/Connection.php(764): Illuminate\\Database\\Connection->tryAgainIfCausedByLostConnection()
#2 /var/www/crud/Backend/crud-app-back/vendor/laravel/framework/src/Illuminate/Database/Connection.php(675): Illuminate\\Database\\Connection->handleQueryException()
#3 /var/www/crud/Backend/crud-app-back/vendor/laravel/framework/src/Illuminate/Database/Connection.php(376): Illuminate\\Database\\Connection->run()
#4 /var/www/crud/Backend/crud-app-back/vendor/laravel/framework/src/Illuminate/Database/Schema/PostgresBuilder.php(46): Illuminate\\Database\\Connection->select()
#5 /var/www/crud/Backend/crud-app-back/vendor/laravel/framework/src/Illuminate/Database/Migrations/DatabaseMigrationRepository.php(169): Illuminate\\Database\\Schema\\PostgresBuilder->hasTable()
#6 /var/www/crud/Backend/crud-app-back/vendor/laravel/framework/src/Illuminate/Database/Migrations/Migrator.php(673): Illuminate\\Database\\Migrations\\DatabaseMigrationRepository->repositoryExists()
#7 /var/www/crud/Backend/crud-app-back/vendor/laravel/framework/src/Illuminate/Database/Console/Migrations/MigrateCommand.php(110): Illuminate\\Database\\Migrations\\Migrator->repositoryExists()
#8 /var/www/crud/Backend/crud-app-back/vendor/laravel/framework/src/Illuminate/Database/Console/Migrations/MigrateCommand.php(78): Illuminate\\Database\\Console\\Migrations\\MigrateCommand->prepareDatabase()
#9 /var/www/crud/Backend/crud-app-back/vendor/laravel/framework/src/Illuminate/Database/Migrations/Migrator.php(606): Illuminate\\Database\\Console\\Migrations\\MigrateCommand->Illuminate\\Database\\Console\\Migrations\\{closure}()
#10 /var/www/crud/Backend/crud-app-back/vendor/laravel/framework/src/Illuminate/Database/Console/Migrations/MigrateCommand.php(98): Illuminate\\Database\\Migrations\\Migrator->usingConnection()
#11 /var/www/crud/Backend/crud-app-back/vendor/laravel/framework/src/Illuminate/Container/BoundMethod.php(36): Illuminate\\Database\\Console\\Migrations\\MigrateCommand->handle()
#12 /var/www/crud/Backend/crud-app-back/vendor/laravel/framework/src/Illuminate/Container/Util.php(40): Illuminate\\Container\\BoundMethod::Illuminate\\Container\\{closure}()
#13 /var/www/crud/Backend/crud-app-back/vendor/laravel/framework/src/Illuminate/Container/BoundMethod.php(93): Illuminate\\Container\\Util::unwrapIfClosure()
#14 /var/www/crud/Backend/crud-app-back/vendor/laravel/framework/src/Illuminate/Container/BoundMethod.php(37): Illuminate\\Container\\BoundMethod::callBoundMethod()
#15 /var/www/crud/Backend/crud-app-back/vendor/laravel/framework/src/Illuminate/Container/Container.php(653): Illuminate\\Container\\BoundMethod::call()
#16 /var/www/crud/Backend/crud-app-back/vendor/laravel/framework/src/Illuminate/Console/Command.php(136): Illuminate\\Container\\Container->call()
#17 /var/www/crud/Backend/crud-app-back/vendor/symfony/console/Command/Command.php(298): Illuminate\\Console\\Command->execute()
#18 /var/www/crud/Backend/crud-app-back/vendor/laravel/framework/src/Illuminate/Console/Command.php(121): Symfony\\Component\\Console\\Command\\Command->run()
#19 /var/www/crud/Backend/crud-app-back/vendor/symfony/console/Application.php(1040): Illuminate\\Console\\Command->run()
#20 /var/www/crud/Backend/crud-app-back/vendor/symfony/console/Application.php(301): Symfony\\Component\\Console\\Application->doRunCommand()
#21 /var/www/crud/Backend/crud-app-back/vendor/symfony/console/Application.php(171): Symfony\\Component\\Console\\Application->doRun()
#22 /var/www/crud/Backend/crud-app-back/vendor/laravel/framework/src/Illuminate/Console/Application.php(94): Symfony\\Component\\Console\\Application->run()
#23 /var/www/crud/Backend/crud-app-back/vendor/laravel/framework/src/Illuminate/Foundation/Console/Kernel.php(129): Illuminate\\Console\\Application->run()
#24 /var/www/crud/Backend/crud-app-back/artisan(37): Illuminate\\Foundation\\Console\\Kernel->handle()
#25 {main}

[previous exception] [object] (PDOException(code: 7): SQLSTATE[08006] [7] server closed the connection unexpectedly
\tThis probably means the server terminated abnormally
\tbefore or while processing the request. at /var/www/crud/Backend/crud-app-back/vendor/laravel/framework/src/Illuminate/Database/Connectors/Connector.php:70)
[stacktrace]
#0 /var/www/crud/Backend/crud-app-back/vendor/laravel/framework/src/Illuminate/Database/Connectors/Connector.php(70): PDO->__construct()
#1 /var/www/crud/Backend/crud-app-back/vendor/laravel/framework/src/Illuminate/Database/Connectors/Connector.php(100): Illuminate\\Database\\Connectors\\Connector->createPdoConnection()
#2 /var/www/crud/Backend/crud-app-back/vendor/laravel/framework/src/Illuminate/Database/Connectors/Connector.php(50): Illuminate\\Database\\Connectors\\Connector->tryAgainIfCausedByLostConnection()
#3 /var/www/crud/Backend/crud-app-back/vendor/laravel/framework/src/Illuminate/Database/Connectors/PostgresConnector.php(33): Illuminate\\Database\\Connectors\\Connector->createConnection()
#4 /var/www/crud/Backend/crud-app-back/vendor/laravel/framework/src/Illuminate/Database/Connectors/ConnectionFactory.php(184): Illuminate\\Database\\Connectors\\PostgresConnector->connect()
#5 [internal function]: Illuminate\\Database\\Connectors\\ConnectionFactory->Illuminate\\Database\\Connectors\\{closure}()
#6 /var/www/crud/Backend/crud-app-back/vendor/laravel/framework/src/Illuminate/Database/Connection.php(1064): call_user_func()
#7 /var/www/crud/Backend/crud-app-back/vendor/laravel/framework/src/Illuminate/Database/Connection.php(1100): Illuminate\\Database\\Connection->getPdo()
#8 /var/www/crud/Backend/crud-app-back/vendor/laravel/framework/src/Illuminate/Database/Connection.php(442): Illuminate\\Database\\Connection->getReadPdo()
#9 /var/www/crud/Backend/crud-app-back/vendor/laravel/framework/src/Illuminate/Database/Connection.php(368): Illuminate\\Database\\Connection->getPdoForSelect()
#10 /var/www/crud/Backend/crud-app-back/vendor/laravel/framework/src/Illuminate/Database/Connection.php(705): Illuminate\\Database\\Connection->Illuminate\\Database\\{closure}()
#11 /var/www/crud/Backend/crud-app-back/vendor/laravel/framework/src/Illuminate/Database/Connection.php(784): Illuminate\\Database\\Connection->runQueryCallback()
#12 /var/www/crud/Backend/crud-app-back/vendor/laravel/framework/src/Illuminate/Database/Connection.php(764): Illuminate\\Database\\Connection->tryAgainIfCausedByLostConnection()
#13 /var/www/crud/Backend/crud-app-back/vendor/laravel/framework/src/Illuminate/Database/Connection.php(675): Illuminate\\Database\\Connection->handleQueryException()
#14 /var/www/crud/Backend/crud-app-back/vendor/laravel/framework/src/Illuminate/Database/Connection.php(376): Illuminate\\Database\\Connection->run()
#15 /var/www/crud/Backend/crud-app-back/vendor/laravel/framework/src/Illuminate/Database/Schema/PostgresBuilder.php(46): Illuminate\\Database\\Connection->select()
#16 /var/www/crud/Backend/crud-app-back/vendor/laravel/framework/src/Illuminate/Database/Migrations/DatabaseMigrationRepository.php(169): Illuminate\\Database\\Schema\\PostgresBuilder->hasTable()
#17 /var/www/crud/Backend/crud-app-back/vendor/laravel/framework/src/Illuminate/Database/Migrations/Migrator.php(673): Illuminate\\Database\\Migrations\\DatabaseMigrationRepository->repositoryExists()
#18 /var/www/crud/Backend/crud-app-back/vendor/laravel/framework/src/Illuminate/Database/Console/Migrations/MigrateCommand.php(110): Illuminate\\Database\\Migrations\\Migrator->repositoryExists()
#19 /var/www/crud/Backend/crud-app-back/vendor/laravel/framework/src/Illuminate/Database/Console/Migrations/MigrateCommand.php(78): Illuminate\\Database\\Console\\Migrations\\MigrateCommand->prepareDatabase()
#20 /var/www/crud/Backend/crud-app-back/vendor/laravel/framework/src/Illuminate/Database/Migrations/Migrator.php(606): Illuminate\\Database\\Console\\Migrations\\MigrateCommand->Illuminate\\Database\\Console\\Migrations\\{closure}()
#21 /var/www/crud/Backend/crud-app-back/vendor/laravel/framework/src/Illuminate/Database/Console/Migrations/MigrateCommand.php(98): Illuminate\\Database\\Migrations\\Migrator->usingConnection()
#22 /var/www/crud/Backend/crud-app-back/vendor/laravel/framework/src/Illuminate/Container/BoundMethod.php(36): Illuminate\\Database\\Console\\Migrations\\MigrateCommand->handle()
#23 /var/www/crud/Backend/crud-app-back/vendor/laravel/framework/src/Illuminate/Container/Util.php(40): Illuminate\\Container\\BoundMethod::Illuminate\\Container\\{closure}()
#24 /var/www/crud/Backend/crud-app-back/vendor/laravel/framework/src/Illuminate/Container/BoundMethod.php(93): Illuminate\\Container\\Util::unwrapIfClosure()
#25 /var/www/crud/Backend/crud-app-back/vendor/laravel/framework/src/Illuminate/Container/BoundMethod.php(37): Illuminate\\Container\\BoundMethod::callBoundMethod()
#26 /var/www/crud/Backend/crud-app-back/vendor/laravel/framework/src/Illuminate/Container/Container.php(653): Illuminate\\Container\\BoundMethod::call()
#27 /var/www/crud/Backend/crud-app-back/vendor/laravel/framework/src/Illuminate/Console/Command.php(136): Illuminate\\Container\\Container->call()
#28 /var/www/crud/Backend/crud-app-back/vendor/symfony/console/Command/Command.php(298): Illuminate\\Console\\Command->execute()
#29 /var/www/crud/Backend/crud-app-back/vendor/laravel/framework/src/Illuminate/Console/Command.php(121): Symfony\\Component\\Console\\Command\\Command->run()
#30 /var/www/crud/Backend/crud-app-back/vendor/symfony/console/Application.php(1040): Illuminate\\Console\\Command->run()
#31 /var/www/crud/Backend/crud-app-back/vendor/symfony/console/Application.php(301): Symfony\\Component\\Console\\Application->doRunCommand()
#32 /var/www/crud/Backend/crud-app-back/vendor/symfony/console/Application.php(171): Symfony\\Component\\Console\\Application->doRun()
#33 /var/www/crud/Backend/crud-app-back/vendor/laravel/framework/src/Illuminate/Console/Application.php(94): Symfony\\Component\\Console\\Application->run()
#34 /var/www/crud/Backend/crud-app-back/vendor/laravel/framework/src/Illuminate/Foundation/Console/Kernel.php(129): Illuminate\\Console\\Application->run()
#35 /var/www/crud/Backend/crud-app-back/artisan(37): Illuminate\\Foundation\\Console\\Kernel->handle()
#36 {main}
"} 
